#
# A fatal error has been detected by the Java Runtime Environment:
#
#  EXCEPTION_ACCESS_VIOLATION (0xc0000005) at pc=0x00007ffc7d103d60, pid=2812, tid=18260
#
# JRE version: Java(TM) SE Runtime Environment (18.0.2.1+1) (build 18.0.2.1+1-1)
# Java VM: Java HotSpot(TM) 64-Bit Server VM (18.0.2.1+1-1, mixed mode, emulated-client, sharing, tiered, compressed oops, compressed class ptrs, g1 gc, windows-amd64)
# Problematic frame:
# V  [jvm.dll+0x273d60]
#
# No core dump will be written. Minidumps are not enabled by default on client versions of Windows
#
# If you would like to submit a bug report, please visit:
#   https://bugreport.java.com/bugreport/crash.jsp
#

---------------  S U M M A R Y ------------

Command Line: -XX:TieredStopAtLevel=1 com.abel.ecommerce.EcommerceApplication

Host: AMD Ryzen 3 3250U with Radeon Graphics         , 4 cores, 13G,  Windows 11 , 64 bit Build 22621 (10.0.22621.1485)
Time: Wed Apr 26 22:56:01 2023 SE Asia Standard Time elapsed time: 1883.096727 seconds (0d 0h 31m 23s)

---------------  T H R E A D  ---------------

Current thread (0x000001ea3f6cc010):  JavaThread "C1 CompilerThread2" daemon [_thread_in_vm, id=18260, stack(0x000000508dd00000,0x000000508de00000)]


Current CompileTask:
C1:1883096 9681       1       org.springframework.web.context.support.ServletContextPropertySource::getProperty (6 bytes)

Stack: [0x000000508dd00000,0x000000508de00000],  sp=0x000000508ddfe230,  free space=1016k
Native frames: (J=compiled Java code, j=interpreted, Vv=VM code, C=native code)
V  [jvm.dll+0x273d60]
V  [jvm.dll+0x273b00]
V  [jvm.dll+0x38d2a6]
V  [jvm.dll+0x6726bb]
V  [jvm.dll+0x1dd34d]
V  [jvm.dll+0x148bf1]
V  [jvm.dll+0x147f9a]
V  [jvm.dll+0x149c81]
V  [jvm.dll+0x23ee0a]
V  [jvm.dll+0x23d0f5]
V  [jvm.dll+0x7a6dd1]
V  [jvm.dll+0x7a120a]
V  [jvm.dll+0x698255]
C  [ucrtbase.dll+0x29363]
C  [KERNEL32.DLL+0x1269d]
C  [ntdll.dll+0x5a9f8]


siginfo: EXCEPTION_ACCESS_VIOLATION (0xc0000005), reading address 0x0000000000000080


Register to memory mapping:

RIP=0x00007ffc7d103d60 jvm.dll
RAX=0x0000000800d96bc0 is pointing into metadata
RBX=0x0000000000000080 is an unknown value
RCX=0x000000508ddfe2b0 is pointing into the stack for thread: 0x000001ea3f6cc010
RDX=0x000001ea2b9c2190 is at entry_point+-400 in (nmethod*)0x000001ea2b9c2190
Compiled method (c1) 1883130 9681       1       org.springframework.web.context.support.ServletContextPropertySource::getProperty (6 bytes)
 total in heap  [0x000001ea2b9c2190,0x000001ea2b9c24e8] = 856
 relocation     [0x000001ea2b9c22e8,0x000001ea2b9c2320] = 56
 main code      [0x000001ea2b9c2320,0x000001ea2b9c2420] = 256
 stub code      [0x000001ea2b9c2420,0x000001ea2b9c2468] = 72
 oops           [0x000001ea2b9c2468,0x000001ea2b9c2470] = 8
 metadata       [0x000001ea2b9c2470,0x000001ea2b9c2488] = 24
 scopes data    [0x000001ea2b9c2488,0x000001ea2b9c24a0] = 24
 scopes pcs     [0x000001ea2b9c24a0,0x000001ea2b9c24e0] = 64
 dependencies   [0x000001ea2b9c24e0,0x000001ea2b9c24e8] = 8
RSP=0x000000508ddfe230 is pointing into the stack for thread: 0x000001ea3f6cc010
RBP=0x0 is NULL
RSI=0x000001ea2b9c2190 is at entry_point+-400 in (nmethod*)0x000001ea2b9c2190
Compiled method (c1) 1883130 9681       1       org.springframework.web.context.support.ServletContextPropertySource::getProperty (6 bytes)
 total in heap  [0x000001ea2b9c2190,0x000001ea2b9c24e8] = 856
 relocation     [0x000001ea2b9c22e8,0x000001ea2b9c2320] = 56
 main code      [0x000001ea2b9c2320,0x000001ea2b9c2420] = 256
 stub code      [0x000001ea2b9c2420,0x000001ea2b9c2468] = 72
 oops           [0x000001ea2b9c2468,0x000001ea2b9c2470] = 8
 metadata       [0x000001ea2b9c2470,0x000001ea2b9c2488] = 24
 scopes data    [0x000001ea2b9c2488,0x000001ea2b9c24a0] = 24
 scopes pcs     [0x000001ea2b9c24a0,0x000001ea2b9c24e0] = 64
 dependencies   [0x000001ea2b9c24e0,0x000001ea2b9c24e8] = 8
RDI=0x000000508ddfe2b0 is pointing into the stack for thread: 0x000001ea3f6cc010
R8 =0x0000000800d96a70 is a pointer to class: 
org.springframework.web.context.support.ServletContextPropertySource {0x0000000800d96a78}
 - instance size:     3
 - klass size:        69
 - access:            public synchronized 
 - state:             fully_initialized
 - name:              'org/springframework/web/context/support/ServletContextPropertySource'
 - super:             'org/springframework/core/env/EnumerablePropertySource'
 - sub:               
 - arrays:            NULL
 - methods:           Array<T>(0x000001ea38ede5d8)
 - method ordering:   Array<T>(0x0000000800a7f658)
 - default_methods:   Array<T>(0x0000000000000000)
 - local interfaces:  Array<T>(0x00000008005bd0d0)
 - trans. interfaces: Array<T>(0x00000008005bd0d0)
 - constants:         constant pool [52] {0x000001ea38ede3c0} for 'org/springframework/web/context/support/ServletContextPropertySource' cache=0x000001ea3ae2c3b8
 - class loader data:  loader data: 0x000001ea382ccfc0 for instance a 'jdk/internal/loader/ClassLoaders$AppClassLoader'{0x0000000720f38f90}
 - source file:       'ServletContextPropertySource.java'
 - class annotations:       Array<T>(0x0000000000000000)
 - class type annotations:  Array<T>(0x0000000000000000)
 - field annotations:       Array<T>(0x0000000000000000)
 - field type annotations:  Array<T>(0x0000000000000000)
 - generic signature: 'Lorg/springframework/core/env/EnumerablePropertySource<Ljakarta/servlet/ServletContext;>;'
 - inner classes:     Array<T>(0x00000008005bd060)
 - nest members:     Array<T>(0x00000008005bd060)
 - permitted subclasses:     Array<T>(0x00000008005bd060)
 - java mirror:       a 'java/lang/Class'{0x0000000721313340} = 'org/springframework/web/context/support/ServletContextPropertySource'
 - vtable length      11  (start addr: 0x0000000800d96c28)
 - itable length      2 (start addr: 0x0000000800d96c80)
 - ---- static fields (0 words):
 - ---- non-static fields (3 words):
 - protected final 'logger' 'Lorg/apache/commons/logging/Log;' @12 
 - protected final 'name' 'Ljava/lang/String;' @16 
 - protected final 'source' 'Ljava/lang/Object;' @20 
 - non-static oop maps: 12-20 
R9 =0x0000000000000003 is an unknown value
R10=0x00007ffcda480000 VCRUNTIME140.dll
R11=0x000000508ddfe2b0 is pointing into the stack for thread: 0x000001ea3f6cc010
R12=0x0000000000000008 is an unknown value
R13=0x0000000000000001 is an unknown value
R14=0x000000508ddfe2b0 is pointing into the stack for thread: 0x000001ea3f6cc010
R15=0x000001ea2312b750 points into unknown readable memory: 0x00007ffc7d77c360 | 60 c3 77 7d fc 7f 00 00


Registers:
RAX=0x0000000800d96bc0, RBX=0x0000000000000080, RCX=0x000000508ddfe2b0, RDX=0x000001ea2b9c2190
RSP=0x000000508ddfe230, RBP=0x0000000000000000, RSI=0x000001ea2b9c2190, RDI=0x000000508ddfe2b0
R8 =0x0000000800d96a70, R9 =0x0000000000000003, R10=0x00007ffcda480000, R11=0x000000508ddfe2b0
R12=0x0000000000000008, R13=0x0000000000000001, R14=0x000000508ddfe2b0, R15=0x000001ea2312b750
RIP=0x00007ffc7d103d60, EFLAGS=0x0000000000010202

Top of Stack: (sp=0x000000508ddfe230)
0x000000508ddfe230:   000001ea2b9c2190 000001ea3e840098
0x000000508ddfe240:   000001ea3e840098 00007ffc7d4ff6dc
0x000000508ddfe250:   000001ea2b9c2190 00007ffc7d103b00
0x000000508ddfe260:   000001ea23111e40 00007ffc7d501e78
0x000000508ddfe270:   0000000000000358 0000005000000158
0x000000508ddfe280:   0000000000000358 00007ffc7d21d2a6
0x000000508ddfe290:   000001ea23111e40 0000000000000000
0x000000508ddfe2a0:   000001ea2b9c2190 0000000000000358
0x000000508ddfe2b0:   0000000800d96bb8 0000000800d96bc0
0x000000508ddfe2c0:   000001ea2b9c2190 00007ffc7d5026bb
0x000000508ddfe2d0:   000001ea23111e40 0000000000000000
0x000000508ddfe2e0:   0000000000000008 0000000000000358
0x000000508ddfe2f0:   00000050000025d1 00000000ffffffff
0x000000508ddfe300:   000000508ddfe840 ffffffff00000030
0x000000508ddfe310:   000001ea3e8400f8 000001ea3eb72450
0x000000508ddfe320:   000000508ddfe860 000000000000000a 

Instructions: (pc=0x00007ffc7d103d60)
0x00007ffc7d103c60:   48 8b 0b 48 8b 01 ff 90 20 02 00 00 84 c0 0f 84
0x00007ffc7d103c70:   83 00 00 00 48 8b 4b 10 48 8b 07 48 3b c3 75 6b
0x00007ffc7d103c80:   48 8b c3 f0 48 0f b1 0f 75 61 48 8b 05 17 66 8b
0x00007ffc7d103c90:   00 48 85 c0 75 1a 48 8b cb e8 62 f5 e3 ff 80 3d
0x00007ffc7d103ca0:   f8 ea 84 00 00 74 44 48 8b 05 d2 65 8b 00 eb 34
0x00007ffc7d103cb0:   48 8b 05 e1 65 8b 00 48 89 43 18 f0 48 0f b1 1d
0x00007ffc7d103cc0:   d4 65 8b 00 75 ea 80 3d d0 ea 84 00 00 74 1c 48
0x00007ffc7d103cd0:   8b 05 b2 65 8b 00 48 8b 48 28 48 ff 01 48 8b 05
0x00007ffc7d103ce0:   ac 65 8b 00 48 8b 48 28 48 ff 01 48 8b 1f 48 85
0x00007ffc7d103cf0:   db 0f 85 69 ff ff ff 48 85 db 0f 85 45 ff ff ff
0x00007ffc7d103d00:   48 8b 7c 24 20 48 8b 5c 24 30 48 83 c4 28 c3 cc
0x00007ffc7d103d10:   48 c7 05 8d 65 8b 00 00 00 00 00 c3 cc cc cc cc
0x00007ffc7d103d20:   48 8b 05 79 65 8b 00 48 ff c0 48 89 05 6f 65 8b
0x00007ffc7d103d30:   00 48 89 05 70 65 8b 00 c3 cc cc cc cc cc cc cc
0x00007ffc7d103d40:   48 89 5c 24 08 57 48 83 ec 20 48 8b 19 48 8b f9
0x00007ffc7d103d50:   48 8b 1b 48 85 db 74 47 0f 1f 84 00 00 00 00 00
0x00007ffc7d103d60:   48 8b 0b 48 8b 01 ff 90 20 02 00 00 84 c0 74 2f
0x00007ffc7d103d70:   48 8b 53 10 48 8b 07 48 8b 08 48 3b cb 75 15 48
0x00007ffc7d103d80:   8b 0f 48 8b c3 f0 48 0f b1 11 75 08 48 8b cb e8
0x00007ffc7d103d90:   1c 03 00 00 48 8b 1f 48 8b 1b 48 85 db 75 c1 48
0x00007ffc7d103da0:   8b c3 48 8b 5c 24 30 48 83 c4 20 5f c3 cc cc cc
0x00007ffc7d103db0:   48 83 ec 38 80 3d e2 e9 84 00 00 0f 84 c4 00 00
0x00007ffc7d103dc0:   00 48 8d 4c 24 40 48 89 5c 24 30 e8 10 53 06 00
0x00007ffc7d103dd0:   48 8b 5c 24 40 48 8d 15 e4 f7 69 00 45 33 c9 48
0x00007ffc7d103de0:   89 5c 24 20 45 8d 41 04 41 8d 49 08 e8 7f 47 44
0x00007ffc7d103df0:   00 48 89 05 80 64 8b 00 48 83 7b 08 00 75 77 45
0x00007ffc7d103e00:   33 c9 48 89 5c 24 20 48 8d 15 ca f7 69 00 45 8d
0x00007ffc7d103e10:   41 04 41 8d 49 08 e8 55 47 44 00 48 89 05 5e 64
0x00007ffc7d103e20:   8b 00 48 83 7b 08 00 75 4d 45 33 c9 48 89 5c 24
0x00007ffc7d103e30:   20 48 8d 15 c0 f7 69 00 45 8d 41 04 41 8d 49 08
0x00007ffc7d103e40:   e8 2b 47 44 00 48 89 05 3c 64 8b 00 48 83 7b 08
0x00007ffc7d103e50:   00 75 23 45 33 c9 48 89 5c 24 20 48 8d 15 ae f7 


Stack slot to memory mapping:
stack at sp + 0 slots: 0x000001ea2b9c2190 is at entry_point+-400 in (nmethod*)0x000001ea2b9c2190
Compiled method (c1) 1883164 9681       1       org.springframework.web.context.support.ServletContextPropertySource::getProperty (6 bytes)
 total in heap  [0x000001ea2b9c2190,0x000001ea2b9c24e8] = 856
 relocation     [0x000001ea2b9c22e8,0x000001ea2b9c2320] = 56
 main code      [0x000001ea2b9c2320,0x000001ea2b9c2420] = 256
 stub code      [0x000001ea2b9c2420,0x000001ea2b9c2468] = 72
 oops           [0x000001ea2b9c2468,0x000001ea2b9c2470] = 8
 metadata       [0x000001ea2b9c2470,0x000001ea2b9c2488] = 24
 scopes data    [0x000001ea2b9c2488,0x000001ea2b9c24a0] = 24
 scopes pcs     [0x000001ea2b9c24a0,0x000001ea2b9c24e0] = 64
 dependencies   [0x000001ea2b9c24e0,0x000001ea2b9c24e8] = 8
stack at sp + 1 slots: 0x000001ea3e840098 points into unknown readable memory: 0x00007ffc7d773bd0 | d0 3b 77 7d fc 7f 00 00
stack at sp + 2 slots: 0x000001ea3e840098 points into unknown readable memory: 0x00007ffc7d773bd0 | d0 3b 77 7d fc 7f 00 00
stack at sp + 3 slots: 0x00007ffc7d4ff6dc jvm.dll
stack at sp + 4 slots: 0x000001ea2b9c2190 is at entry_point+-400 in (nmethod*)0x000001ea2b9c2190
Compiled method (c1) 1883173 9681       1       org.springframework.web.context.support.ServletContextPropertySource::getProperty (6 bytes)
 total in heap  [0x000001ea2b9c2190,0x000001ea2b9c24e8] = 856
 relocation     [0x000001ea2b9c22e8,0x000001ea2b9c2320] = 56
 main code      [0x000001ea2b9c2320,0x000001ea2b9c2420] = 256
 stub code      [0x000001ea2b9c2420,0x000001ea2b9c2468] = 72
 oops           [0x000001ea2b9c2468,0x000001ea2b9c2470] = 8
 metadata       [0x000001ea2b9c2470,0x000001ea2b9c2488] = 24
 scopes data    [0x000001ea2b9c2488,0x000001ea2b9c24a0] = 24
 scopes pcs     [0x000001ea2b9c24a0,0x000001ea2b9c24e0] = 64
 dependencies   [0x000001ea2b9c24e0,0x000001ea2b9c24e8] = 8
stack at sp + 5 slots: 0x00007ffc7d103b00 jvm.dll
stack at sp + 6 slots: 0x000001ea23111e40 points into unknown readable memory: 0x000001ea3f6cc010 | 10 c0 6c 3f ea 01 00 00
stack at sp + 7 slots: 0x00007ffc7d501e78 jvm.dll


---------------  P R O C E S S  ---------------

Threads class SMR info:
_java_thread_list=0x000001ea3e7909a0, length=22, elements={
0x000001ea38245350, 0x000001ea382463a0, 0x000001ea3825d6c0, 0x000001ea3825df70,
0x000001ea38260830, 0x000001ea382610e0, 0x000001ea38261990, 0x000001ea38294940,
0x000001ea3c473d40, 0x000001ea3c49a750, 0x000001ea3e11a050, 0x000001ea3e85cf00,
0x000001ea3e862f40, 0x000001ea3e863410, 0x000001ea3e860d90, 0x000001ea3e861260,
0x000001ea3e861730, 0x000001ea3e8625a0, 0x000001ea3e85f0b0, 0x000001ea3e85dd70,
0x000001ea3eefdad0, 0x000001ea3f6cc010
}

Java Threads: ( => current thread )
  0x000001ea38245350 JavaThread "Reference Handler" daemon [_thread_blocked, id=7716, stack(0x000000508c300000,0x000000508c400000)]
  0x000001ea382463a0 JavaThread "Finalizer" daemon [_thread_blocked, id=13080, stack(0x000000508c400000,0x000000508c500000)]
  0x000001ea3825d6c0 JavaThread "Signal Dispatcher" daemon [_thread_blocked, id=13180, stack(0x000000508c600000,0x000000508c700000)]
  0x000001ea3825df70 JavaThread "Attach Listener" daemon [_thread_blocked, id=11396, stack(0x000000508c700000,0x000000508c800000)]
  0x000001ea38260830 JavaThread "Service Thread" daemon [_thread_blocked, id=14176, stack(0x000000508c800000,0x000000508c900000)]
  0x000001ea382610e0 JavaThread "Monitor Deflation Thread" daemon [_thread_blocked, id=13316, stack(0x000000508c900000,0x000000508ca00000)]
  0x000001ea38261990 JavaThread "C1 CompilerThread0" daemon [_thread_blocked, id=3856, stack(0x000000508ca00000,0x000000508cb00000)]
  0x000001ea38294940 JavaThread "Sweeper thread" daemon [_thread_blocked, id=13276, stack(0x000000508cb00000,0x000000508cc00000)]
  0x000001ea3c473d40 JavaThread "Notification Thread" daemon [_thread_blocked, id=15268, stack(0x000000508ce00000,0x000000508cf00000)]
  0x000001ea3c49a750 JavaThread "Common-Cleaner" daemon [_thread_blocked, id=9172, stack(0x000000508d000000,0x000000508d100000)]
  0x000001ea3e11a050 JavaThread "Live Reload Server" daemon [_thread_in_native, id=7132, stack(0x000000508de00000,0x000000508df00000)]
  0x000001ea3e85cf00 JavaThread "DestroyJavaVM" [_thread_blocked, id=15644, stack(0x000000508bc00000,0x000000508bd00000)]
  0x000001ea3e862f40 JavaThread "File Watcher" daemon [_thread_blocked, id=16908, stack(0x000000508c500000,0x000000508c600000)]
  0x000001ea3e863410 JavaThread "Thread-19" [_thread_blocked, id=5088, stack(0x000000508d500000,0x000000508d600000)]
  0x000001ea3e860d90 JavaThread "restartedMain" [_thread_blocked, id=6220, stack(0x000000508d400000,0x000000508d500000)]
  0x000001ea3e861260 JavaThread "HikariPool-6 housekeeper" daemon [_thread_blocked, id=17824, stack(0x000000508cc00000,0x000000508cd00000)]
  0x000001ea3e861730 JavaThread "HikariPool-6 connection adder" daemon [_thread_blocked, id=9884, stack(0x000000508d800000,0x000000508d900000)]
  0x000001ea3e8625a0 JavaThread "Catalina-utility-1" [_thread_blocked, id=9460, stack(0x000000508d900000,0x000000508da00000)]
  0x000001ea3e85f0b0 JavaThread "Catalina-utility-2" [_thread_blocked, id=10448, stack(0x000000508da00000,0x000000508db00000)]
  0x000001ea3e85dd70 JavaThread "container-1" [_thread_blocked, id=19416, stack(0x000000508db00000,0x000000508dc00000)]
  0x000001ea3eefdad0 JavaThread "C1 CompilerThread1" daemon [_thread_blocked, id=13892, stack(0x000000508dc00000,0x000000508dd00000)]
=>0x000001ea3f6cc010 JavaThread "C1 CompilerThread2" daemon [_thread_in_vm, id=18260, stack(0x000000508dd00000,0x000000508de00000)]

Other Threads:
  0x000001ea38240420 VMThread "VM Thread" [stack: 0x000000508c200000,0x000000508c300000] [id=14272]
  0x000001ea3c497b00 WatcherThread "VM Periodic Task Thread" [stack: 0x000000508cf00000,0x000000508d000000] [id=4132]
  0x000001ea2317d680 WorkerThread "GC Thread#0" [stack: 0x000000508bd00000,0x000000508be00000] [id=15996]
  0x000001ea3c90af10 WorkerThread "GC Thread#1" [stack: 0x000000508d100000,0x000000508d200000] [id=14456]
  0x000001ea3c90b1b0 WorkerThread "GC Thread#2" [stack: 0x000000508d200000,0x000000508d300000] [id=4632]
  0x000001ea3cb76ac0 WorkerThread "GC Thread#3" [stack: 0x000000508d300000,0x000000508d400000] [id=15840]
  0x000001ea2318c4f0 ConcurrentGCThread "G1 Main Marker" [stack: 0x000000508be00000,0x000000508bf00000] [id=12304]
  0x000001ea2318d110 WorkerThread "G1 Conc#0" [stack: 0x000000508bf00000,0x000000508c000000] [id=10540]
  0x000001ea231bec00 ConcurrentGCThread "G1 Refine#0" [stack: 0x000000508c000000,0x000000508c100000] [id=14476]
  0x000001ea3d905100 ConcurrentGCThread "G1 Refine#1" [stack: 0x000000508d600000,0x000000508d700000] [id=14648]
  0x000001ea3d5cf400 ConcurrentGCThread "G1 Refine#2" [stack: 0x000000508d700000,0x000000508d800000] [id=11724]
  0x000001ea380fb780 ConcurrentGCThread "G1 Service" [stack: 0x000000508c100000,0x000000508c200000] [id=16240]

Threads with active compile tasks:
C1 CompilerThread0  1883181 9682       1       org.springframework.web.context.support.ServletContextPropertySource::getProperty (14 bytes)
C1 CompilerThread2  1883181 9681       1       org.springframework.web.context.support.ServletContextPropertySource::getProperty (6 bytes)

VM state: not at safepoint (normal execution)

VM Mutex/Monitor currently owned by a thread:  ([mutex/lock_event])
[0x000001ea231118a0] MethodCompileQueue_lock - owner thread: 0x000001ea3f6cc010
[0x000001ea23111e40] CodeCache_lock - owner thread: 0x000001ea3f6cc010
[0x000001ea23112230] Compile_lock - owner thread: 0x000001ea3f6cc010

Heap address: 0x0000000720c00000, size: 3572 MB, Compressed Oops mode: Zero based, Oop shift amount: 3

CDS archive(s) mapped at: [0x0000000800000000-0x0000000800ba0000-0x0000000800ba0000), size 12189696, SharedBaseAddress: 0x0000000800000000, ArchiveRelocationMode: 0.
Compressed class space mapped at: 0x0000000800c00000-0x0000000840c00000, reserved size: 1073741824
Narrow klass base: 0x0000000800000000, Narrow klass shift: 0, Narrow klass range: 0x100000000

GC Precious Log:
 CardTable entry size: 512
 Card Set container configuration: InlinePtr #cards 4 size 8 Array Of Cards #cards 16 size 48 Howl #buckets 8 coarsen threshold 3686 Howl Bitmap #cards 512 size 80 coarsen threshold 460 Card regions per heap region 1 cards per card region 4096
 CPUs: 4 total, 4 available
 Memory: 14285M
 Large Page Support: Disabled
 NUMA Support: Disabled
 Compressed Oops: Enabled (Zero based)
 Heap Region Size: 2M
 Heap Min Capacity: 8M
 Heap Initial Capacity: 224M
 Heap Max Capacity: 3572M
 Pre-touch: Disabled
 Parallel Workers: 4
 Concurrent Workers: 1
 Concurrent Refinement Workers: 4
 Periodic GC: Disabled

Heap:
 garbage-first heap   total 75776K, used 50726K [0x0000000720c00000, 0x0000000800000000)
  region size 2048K, 13 young (26624K), 2 survivors (4096K)
 Metaspace       used 63803K, committed 64576K, reserved 1114112K
  class space    used 8992K, committed 9344K, reserved 1048576K

Heap Regions: E=young(eden), S=young(survivor), O=old, HS=humongous(starts), HC=humongous(continues), CS=collection set, F=free, OA=open archive, CA=closed archive, TAMS=top-at-mark-start (previous, next)
|   0|0x0000000720c00000, 0x0000000720e00000, 0x0000000720e00000|100%| O|  |TAMS 0x0000000720e00000, 0x0000000720c00000| Untracked 
|   1|0x0000000720e00000, 0x0000000721000000, 0x0000000721000000|100%| O|  |TAMS 0x0000000721000000, 0x0000000720e00000| Untracked 
|   2|0x0000000721000000, 0x00000007211ffff8, 0x0000000721200000| 99%| O|  |TAMS 0x00000007211ffff8, 0x0000000721000000| Untracked 
|   3|0x0000000721200000, 0x00000007213ffff8, 0x0000000721400000| 99%| O|  |TAMS 0x0000000721200000, 0x0000000721200000| Untracked 
|   4|0x0000000721400000, 0x00000007215ffff0, 0x0000000721600000| 99%| O|  |TAMS 0x00000007215ffff0, 0x0000000721400000| Untracked 
|   5|0x0000000721600000, 0x00000007217ffff0, 0x0000000721800000| 99%| O|  |TAMS 0x00000007217ffff0, 0x0000000721600000| Untracked 
|   6|0x0000000721800000, 0x00000007219fffe8, 0x0000000721a00000| 99%| O|  |TAMS 0x00000007219fffe8, 0x0000000721800000| Untracked 
|   7|0x0000000721a00000, 0x0000000721bffff8, 0x0000000721c00000| 99%| O|  |TAMS 0x0000000721bffff8, 0x0000000721a00000| Untracked 
|   8|0x0000000721c00000, 0x0000000721dfffe8, 0x0000000721e00000| 99%| O|  |TAMS 0x0000000721c00000, 0x0000000721c00000| Untracked 
|   9|0x0000000721e00000, 0x0000000721ffffb0, 0x0000000722000000| 99%| O|  |TAMS 0x0000000721e00000, 0x0000000721e00000| Untracked 
|  10|0x0000000722000000, 0x00000007221a97c0, 0x0000000722200000| 83%| O|  |TAMS 0x0000000722000000, 0x0000000722000000| Untracked 
|  11|0x0000000722200000, 0x0000000722400000, 0x0000000722400000|100%| O|  |TAMS 0x0000000722200000, 0x0000000722200000| Untracked 
|  12|0x0000000722400000, 0x00000007225fe7b8, 0x0000000722600000| 99%| O|  |TAMS 0x0000000722400000, 0x0000000722400000| Untracked 
|  13|0x0000000722600000, 0x000000072268e9e0, 0x0000000722800000| 27%| O|  |TAMS 0x0000000722600000, 0x0000000722600000| Untracked 
|  14|0x0000000722800000, 0x00000007228b7c00, 0x0000000722a00000| 35%| O|  |TAMS 0x0000000722800000, 0x0000000722800000| Untracked 
|  15|0x0000000722a00000, 0x0000000722a00000, 0x0000000722c00000|  0%| F|  |TAMS 0x0000000722a00000, 0x0000000722a00000| Untracked 
|  16|0x0000000722c00000, 0x0000000722c00000, 0x0000000722e00000|  0%| F|  |TAMS 0x0000000722c00000, 0x0000000722c00000| Untracked 
|  17|0x0000000722e00000, 0x0000000722e00000, 0x0000000723000000|  0%| F|  |TAMS 0x0000000722e00000, 0x0000000722e00000| Untracked 
|  18|0x0000000723000000, 0x0000000723000000, 0x0000000723200000|  0%| F|  |TAMS 0x0000000723000000, 0x0000000723000000| Untracked 
|  19|0x0000000723200000, 0x000000072329b610, 0x0000000723400000| 30%| S|CS|TAMS 0x0000000723200000, 0x0000000723200000| Complete 
|  20|0x0000000723400000, 0x0000000723400000, 0x0000000723600000|  0%| F|  |TAMS 0x0000000723400000, 0x0000000723400000| Untracked 
|  21|0x0000000723600000, 0x0000000723600000, 0x0000000723800000|  0%| F|  |TAMS 0x0000000723600000, 0x0000000723600000| Untracked 
|  22|0x0000000723800000, 0x0000000723a00000, 0x0000000723a00000|100%| S|CS|TAMS 0x0000000723800000, 0x0000000723800000| Complete 
|  23|0x0000000723a00000, 0x0000000723a00000, 0x0000000723c00000|  0%| F|  |TAMS 0x0000000723a00000, 0x0000000723a00000| Untracked 
|  24|0x0000000723c00000, 0x0000000723c00000, 0x0000000723e00000|  0%| F|  |TAMS 0x0000000723c00000, 0x0000000723c00000| Untracked 
|  25|0x0000000723e00000, 0x0000000723e00000, 0x0000000724000000|  0%| F|  |TAMS 0x0000000723e00000, 0x0000000723e00000| Untracked 
|  26|0x0000000724000000, 0x00000007240fc698, 0x0000000724200000| 49%| E|  |TAMS 0x0000000724000000, 0x0000000724000000| Complete 
|  27|0x0000000724200000, 0x0000000724400000, 0x0000000724400000|100%| E|CS|TAMS 0x0000000724200000, 0x0000000724200000| Complete 
|  28|0x0000000724400000, 0x0000000724600000, 0x0000000724600000|100%| E|CS|TAMS 0x0000000724400000, 0x0000000724400000| Complete 
|  29|0x0000000724600000, 0x0000000724800000, 0x0000000724800000|100%| E|CS|TAMS 0x0000000724600000, 0x0000000724600000| Complete 
|  30|0x0000000724800000, 0x0000000724a00000, 0x0000000724a00000|100%| E|CS|TAMS 0x0000000724800000, 0x0000000724800000| Complete 
|  31|0x0000000724a00000, 0x0000000724c00000, 0x0000000724c00000|100%| E|CS|TAMS 0x0000000724a00000, 0x0000000724a00000| Complete 
|  32|0x0000000724c00000, 0x0000000724e00000, 0x0000000724e00000|100%| E|CS|TAMS 0x0000000724c00000, 0x0000000724c00000| Complete 
|  33|0x0000000724e00000, 0x0000000725000000, 0x0000000725000000|100%| E|CS|TAMS 0x0000000724e00000, 0x0000000724e00000| Complete 
|  34|0x0000000725000000, 0x0000000725200000, 0x0000000725200000|100%| E|CS|TAMS 0x0000000725000000, 0x0000000725000000| Complete 
|  35|0x0000000725200000, 0x0000000725400000, 0x0000000725400000|100%| E|CS|TAMS 0x0000000725200000, 0x0000000725200000| Complete 
|  36|0x0000000725400000, 0x0000000725600000, 0x0000000725600000|100%| E|CS|TAMS 0x0000000725400000, 0x0000000725400000| Complete 

Card table byte_map: [0x000001ea2e130000,0x000001ea2e830000] _byte_map_base: 0x000001ea2a82a000

Marking Bits (Prev, Next): (CMBitMap*) 0x000001ea2317dc80, (CMBitMap*) 0x000001ea2317dcc0
 Prev Bits: [0x000001ea2ef30000, 0x000001ea32700000)
 Next Bits: [0x000001ea32700000, 0x000001ea35ed0000)

Polling page: 0x000001ea228c0000

Metaspace:

Usage:
  Non-class:     53.53 MB used.
      Class:      8.78 MB used.
       Both:     62.31 MB used.

Virtual space:
  Non-class space:       64.00 MB reserved,      53.94 MB ( 84%) committed,  1 nodes.
      Class space:        1.00 GB reserved,       9.12 MB ( <1%) committed,  1 nodes.
             Both:        1.06 GB reserved,      63.06 MB (  6%) committed. 

Chunk freelists:
   Non-Class:  1.56 MB
       Class:  2.80 MB
        Both:  4.36 MB

MaxMetaspaceSize: unlimited
CompressedClassSpaceSize: 1.00 GB
Initial GC threshold: 21.00 MB
Current GC threshold: 104.62 MB
CDS: on
MetaspaceReclaimPolicy: balanced
 - commit_granule_bytes: 65536.
 - commit_granule_words: 8192.
 - virtual_space_node_default_size: 8388608.
 - enlarge_chunks_in_place: 1.
 - new_chunks_are_fully_committed: 0.
 - uncommit_free_chunks: 1.
 - use_allocation_guard: 0.


Internal statistics:

num_allocs_failed_limit: 6.
num_arena_births: 1516.
num_arena_deaths: 754.
num_vsnodes_births: 2.
num_vsnodes_deaths: 0.
num_space_committed: 1015.
num_space_uncommitted: 5.
num_chunks_returned_to_freelist: 870.
num_chunks_taken_from_freelist: 4274.
num_chunk_merges: 224.
num_chunk_splits: 2753.
num_chunks_enlarged: 2063.
num_inconsistent_stats: 0.

CodeCache: size=49152Kb used=18059Kb max_used=18059Kb free=31092Kb
 bounds [0x000001ea2aa30000, 0x000001ea2bbf0000, 0x000001ea2da30000]
 total_blobs=10320 nmethods=9679 adapters=564
 compilation: enabled
              stopped_count=0, restarted_count=0
 full_count=0

Compilation events (20 events):
Event: 1883.071 Thread 0x000001ea38261990 9672       1       org.springframework.web.servlet.mvc.method.RequestMappingInfo$DefaultBuilder::methods (7 bytes)
Event: 1883.071 Thread 0x000001ea38261990 nmethod 9672 0x000001ea2b9c7190 code [0x000001ea2b9c7320, 0x000001ea2b9c7438]
Event: 1883.071 Thread 0x000001ea3f6cc010 nmethod 9673 0x000001ea2b9c6a10 code [0x000001ea2b9c6bc0, 0x000001ea2b9c6fa8]
Event: 1883.071 Thread 0x000001ea38261990 9677       1       org.springframework.web.servlet.mvc.condition.PathPatternsRequestCondition::parse (102 bytes)
Event: 1883.071 Thread 0x000001ea3f6cc010 9674       1       org.springframework.web.method.HandlerMethod::evaluateResponseStatus (88 bytes)
Event: 1883.072 Thread 0x000001ea3eefdad0 nmethod 9665 0x000001ea2b9c4e10 code [0x000001ea2b9c5120, 0x000001ea2b9c6178]
Event: 1883.072 Thread 0x000001ea3eefdad0 9675       1       org.springframework.web.method.HandlerMethod::getMethodAnnotation (9 bytes)
Event: 1883.072 Thread 0x000001ea3eefdad0 nmethod 9675 0x000001ea2b9c4b10 code [0x000001ea2b9c4ca0, 0x000001ea2b9c4d88]
Event: 1883.072 Thread 0x000001ea3eefdad0 9676       1       org.springframework.web.servlet.mvc.condition.PathPatternsRequestCondition::<init> (10 bytes)
Event: 1883.073 Thread 0x000001ea3f6cc010 nmethod 9674 0x000001ea2b9c4110 code [0x000001ea2b9c4340, 0x000001ea2b9c4888]
Event: 1883.073 Thread 0x000001ea3eefdad0 nmethod 9676 0x000001ea2b9c3d90 code [0x000001ea2b9c3f20, 0x000001ea2b9c4068]
Event: 1883.074 Thread 0x000001ea38261990 nmethod 9677 0x000001ea2b9c2e10 code [0x000001ea2b9c3080, 0x000001ea2b9c3828]
Event: 1883.076 Thread 0x000001ea3eefdad0 9679       1       org.springframework.web.util.pattern.CaptureVariablePathElement::getNormalizedLength (2 bytes)
Event: 1883.076 Thread 0x000001ea3f6cc010 9680       1       org.springframework.web.util.pattern.CaptureVariablePathElement::getScore (2 bytes)
Event: 1883.076 Thread 0x000001ea38261990 9678       1       org.springframework.web.util.pattern.CaptureVariablePathElement::getCaptureCount (2 bytes)
Event: 1883.077 Thread 0x000001ea3eefdad0 nmethod 9679 0x000001ea2b9c2b10 code [0x000001ea2b9c2ca0, 0x000001ea2b9c2d78]
Event: 1883.077 Thread 0x000001ea38261990 nmethod 9678 0x000001ea2b9c2810 code [0x000001ea2b9c29a0, 0x000001ea2b9c2a78]
Event: 1883.077 Thread 0x000001ea3f6cc010 nmethod 9680 0x000001ea2b9c2510 code [0x000001ea2b9c26a0, 0x000001ea2b9c2778]
Event: 1883.078 Thread 0x000001ea3f6cc010 9681       1       org.springframework.web.context.support.ServletContextPropertySource::getProperty (6 bytes)
Event: 1883.078 Thread 0x000001ea38261990 9682       1       org.springframework.web.context.support.ServletContextPropertySource::getProperty (14 bytes)

GC Heap History (20 events):
Event: 1626.330 GC heap before
{Heap before GC invocations=29 (full 2):
 garbage-first heap   total 90112K, used 69498K [0x0000000720c00000, 0x0000000800000000)
  region size 2048K, 19 young (38912K), 2 survivors (4096K)
 Metaspace       used 63144K, committed 63872K, reserved 1114112K
  class space    used 8954K, committed 9280K, reserved 1048576K
}
Event: 1626.335 GC heap after
{Heap after GC invocations=30 (full 2):
 garbage-first heap   total 90112K, used 34577K [0x0000000720c00000, 0x0000000800000000)
  region size 2048K, 2 young (4096K), 2 survivors (4096K)
 Metaspace       used 63144K, committed 63872K, reserved 1114112K
  class space    used 8954K, committed 9280K, reserved 1048576K
}
Event: 1790.614 GC heap before
{Heap before GC invocations=30 (full 2):
 garbage-first heap   total 90112K, used 53009K [0x0000000720c00000, 0x0000000800000000)
  region size 2048K, 12 young (24576K), 2 survivors (4096K)
 Metaspace       used 63146K, committed 63872K, reserved 1114112K
  class space    used 8955K, committed 9280K, reserved 1048576K
}
Event: 1790.687 GC heap after
{Heap after GC invocations=31 (full 3):
 garbage-first heap   total 75776K, used 22224K [0x0000000720c00000, 0x0000000800000000)
  region size 2048K, 0 young (0K), 0 survivors (0K)
 Metaspace       used 62889K, committed 63872K, reserved 1114112K
  class space    used 8892K, committed 9280K, reserved 1048576K
}
Event: 1792.377 GC heap before
{Heap before GC invocations=31 (full 3):
 garbage-first heap   total 75776K, used 63184K [0x0000000720c00000, 0x0000000800000000)
  region size 2048K, 20 young (40960K), 0 survivors (0K)
 Metaspace       used 63190K, committed 63872K, reserved 1114112K
  class space    used 8940K, committed 9280K, reserved 1048576K
}
Event: 1792.383 GC heap after
{Heap after GC invocations=32 (full 3):
 garbage-first heap   total 75776K, used 26589K [0x0000000720c00000, 0x0000000800000000)
  region size 2048K, 3 young (6144K), 3 survivors (6144K)
 Metaspace       used 63190K, committed 63872K, reserved 1114112K
  class space    used 8940K, committed 9280K, reserved 1048576K
}
Event: 1794.419 GC heap before
{Heap before GC invocations=32 (full 3):
 garbage-first heap   total 75776K, used 59357K [0x0000000720c00000, 0x0000000800000000)
  region size 2048K, 19 young (38912K), 3 survivors (6144K)
 Metaspace       used 63458K, committed 64128K, reserved 1114112K
  class space    used 8970K, committed 9280K, reserved 1048576K
}
Event: 1794.429 GC heap after
{Heap after GC invocations=33 (full 3):
 garbage-first heap   total 75776K, used 28589K [0x0000000720c00000, 0x0000000800000000)
  region size 2048K, 2 young (4096K), 2 survivors (4096K)
 Metaspace       used 63458K, committed 64128K, reserved 1114112K
  class space    used 8970K, committed 9280K, reserved 1048576K
}
Event: 1794.961 GC heap before
{Heap before GC invocations=33 (full 3):
 garbage-first heap   total 75776K, used 59309K [0x0000000720c00000, 0x0000000800000000)
  region size 2048K, 17 young (34816K), 2 survivors (4096K)
 Metaspace       used 63697K, committed 64448K, reserved 1114112K
  class space    used 8988K, committed 9344K, reserved 1048576K
}
Event: 1794.966 GC heap after
{Heap after GC invocations=34 (full 3):
 garbage-first heap   total 75776K, used 29374K [0x0000000720c00000, 0x0000000800000000)
  region size 2048K, 2 young (4096K), 2 survivors (4096K)
 Metaspace       used 63697K, committed 64448K, reserved 1114112K
  class space    used 8988K, committed 9344K, reserved 1048576K
}
Event: 1795.419 GC heap before
{Heap before GC invocations=34 (full 3):
 garbage-first heap   total 75776K, used 60094K [0x0000000720c00000, 0x0000000800000000)
  region size 2048K, 17 young (34816K), 2 survivors (4096K)
 Metaspace       used 63875K, committed 64576K, reserved 1114112K
  class space    used 9008K, committed 9344K, reserved 1048576K
}
Event: 1795.428 GC heap after
{Heap after GC invocations=35 (full 3):
 garbage-first heap   total 75776K, used 31398K [0x0000000720c00000, 0x0000000800000000)
  region size 2048K, 3 young (6144K), 3 survivors (6144K)
 Metaspace       used 63875K, committed 64576K, reserved 1114112K
  class space    used 9008K, committed 9344K, reserved 1048576K
}
Event: 1878.984 GC heap before
{Heap before GC invocations=35 (full 3):
 garbage-first heap   total 75776K, used 45734K [0x0000000720c00000, 0x0000000800000000)
  region size 2048K, 11 young (22528K), 3 survivors (6144K)
 Metaspace       used 63878K, committed 64640K, reserved 1114112K
  class space    used 9008K, committed 9344K, reserved 1048576K
}
Event: 1879.080 GC heap after
{Heap after GC invocations=36 (full 4):
 garbage-first heap   total 75776K, used 24794K [0x0000000720c00000, 0x0000000800000000)
  region size 2048K, 0 young (0K), 0 survivors (0K)
 Metaspace       used 63027K, committed 64256K, reserved 1114112K
  class space    used 8930K, committed 9344K, reserved 1048576K
}
Event: 1881.460 GC heap before
{Heap before GC invocations=36 (full 4):
 garbage-first heap   total 75776K, used 59610K [0x0000000720c00000, 0x0000000800000000)
  region size 2048K, 17 young (34816K), 0 survivors (0K)
 Metaspace       used 63220K, committed 64256K, reserved 1114112K
  class space    used 8951K, committed 9344K, reserved 1048576K
}
Event: 1881.464 GC heap after
{Heap after GC invocations=37 (full 4):
 garbage-first heap   total 75776K, used 28169K [0x0000000720c00000, 0x0000000800000000)
  region size 2048K, 2 young (4096K), 2 survivors (4096K)
 Metaspace       used 63220K, committed 64256K, reserved 1114112K
  class space    used 8951K, committed 9344K, reserved 1048576K
}
Event: 1882.488 GC heap before
{Heap before GC invocations=37 (full 4):
 garbage-first heap   total 75776K, used 58889K [0x0000000720c00000, 0x0000000800000000)
  region size 2048K, 17 young (34816K), 2 survivors (4096K)
 Metaspace       used 63395K, committed 64256K, reserved 1114112K
  class space    used 8964K, committed 9344K, reserved 1048576K
}
Event: 1882.494 GC heap after
{Heap after GC invocations=38 (full 4):
 garbage-first heap   total 75776K, used 29712K [0x0000000720c00000, 0x0000000800000000)
  region size 2048K, 3 young (6144K), 3 survivors (6144K)
 Metaspace       used 63395K, committed 64256K, reserved 1114112K
  class space    used 8964K, committed 9344K, reserved 1048576K
}
Event: 1882.850 GC heap before
{Heap before GC invocations=38 (full 4):
 garbage-first heap   total 75776K, used 58384K [0x0000000720c00000, 0x0000000800000000)
  region size 2048K, 17 young (34816K), 3 survivors (6144K)
 Metaspace       used 63643K, committed 64384K, reserved 1114112K
  class space    used 8981K, committed 9344K, reserved 1048576K
}
Event: 1882.856 GC heap after
{Heap after GC invocations=39 (full 4):
 garbage-first heap   total 75776K, used 30246K [0x0000000720c00000, 0x0000000800000000)
  region size 2048K, 2 young (4096K), 2 survivors (4096K)
 Metaspace       used 63643K, committed 64384K, reserved 1114112K
  class space    used 8981K, committed 9344K, reserved 1048576K
}

Deoptimization events (18 events):
Event: 1.312 Thread 0x000001ea3cbb7f10 DEOPT PACKING pc=0x000001ea2aed19f9 sp=0x000000508d5fcea0
Event: 1.312 Thread 0x000001ea3cbb7f10 DEOPT UNPACKING pc=0x000001ea2aa82b43 sp=0x000000508d5fc380 mode 3
Event: 5.491 Thread 0x000001ea3cbb7f10 DEOPT PACKING pc=0x000001ea2aedea09 sp=0x000000508d5f99f0
Event: 5.491 Thread 0x000001ea3cbb7f10 DEOPT UNPACKING pc=0x000001ea2aa82b43 sp=0x000000508d5f8e80 mode 3
Event: 5.491 Thread 0x000001ea3dc0d840 DEOPT PACKING pc=0x000001ea2aed689f sp=0x000000508d9fecc0
Event: 5.491 Thread 0x000001ea3dc0d840 DEOPT UNPACKING pc=0x000001ea2aa82b43 sp=0x000000508d9fe118 mode 3
Event: 10.510 Thread 0x000001ea3cbb7f10 DEOPT PACKING pc=0x000001ea2af296d4 sp=0x000000508d5faec0
Event: 10.510 Thread 0x000001ea3cbb7f10 DEOPT UNPACKING pc=0x000001ea2aa82b43 sp=0x000000508d5fa418 mode 0
Event: 10.963 Thread 0x000001ea3cbb7f10 DEOPT PACKING pc=0x000001ea2b215ca5 sp=0x000000508d5fc0c0
Event: 10.963 Thread 0x000001ea3cbb7f10 DEOPT UNPACKING pc=0x000001ea2aa82b43 sp=0x000000508d5fb628 mode 3
Event: 11.316 Thread 0x000001ea3cbb7f10 DEOPT PACKING pc=0x000001ea2b3a76f9 sp=0x000000508d5fd660
Event: 11.316 Thread 0x000001ea3cbb7f10 DEOPT UNPACKING pc=0x000001ea2aa82b43 sp=0x000000508d5fcb40 mode 3
Event: 17.420 Thread 0x000001ea3cbb7f10 DEOPT PACKING pc=0x000001ea2af81b52 sp=0x000000508d5fb140
Event: 17.420 Thread 0x000001ea3cbb7f10 DEOPT UNPACKING pc=0x000001ea2aa82b43 sp=0x000000508d5fa648 mode 3
Event: 17.423 Thread 0x000001ea3cbb7f10 DEOPT PACKING pc=0x000001ea2af62f0c sp=0x000000508d5fb100
Event: 17.423 Thread 0x000001ea3cbb7f10 DEOPT UNPACKING pc=0x000001ea2aa82b43 sp=0x000000508d5fa648 mode 3
Event: 1882.799 Thread 0x000001ea3e860d90 DEOPT PACKING pc=0x000001ea2ba61cd4 sp=0x000000508d4fc820
Event: 1882.799 Thread 0x000001ea3e860d90 DEOPT UNPACKING pc=0x000001ea2aa82b43 sp=0x000000508d4fbcb8 mode 3

Classes loaded (20 events):
Event: 642.976 Loading class com/sun/org/apache/xerces/internal/jaxp/datatype/DatatypeFactoryImpl
Event: 642.977 Loading class com/sun/org/apache/xerces/internal/jaxp/datatype/DatatypeFactoryImpl done
Event: 642.996 Loading class java/util/AbstractMap$SimpleEntry
Event: 642.996 Loading class java/util/AbstractMap$SimpleEntry done
Event: 643.001 Loading class com/sun/crypto/provider/HmacCore$HmacSHA512
Event: 643.001 Loading class com/sun/crypto/provider/HmacCore$HmacSHA512 done
Event: 643.001 Loading class sun/security/provider/SHA5$SHA512
Event: 643.002 Loading class sun/security/provider/SHA5
Event: 643.002 Loading class sun/security/provider/SHA5 done
Event: 643.002 Loading class sun/security/provider/SHA5$SHA512 done
Event: 643.008 Loading class java/util/stream/LongStream
Event: 643.008 Loading class java/util/stream/LongStream done
Event: 643.008 Loading class java/util/stream/DoubleStream
Event: 643.008 Loading class java/util/stream/DoubleStream done
Event: 767.664 Loading class java/util/concurrent/locks/AbstractQueuedSynchronizer$SharedNode
Event: 767.664 Loading class java/util/concurrent/locks/AbstractQueuedSynchronizer$SharedNode done
Event: 779.268 Loading class java/time/DurationEditor
Event: 779.268 Loading class java/time/DurationEditor done
Event: 1795.044 Loading class java/time/DurationEditor
Event: 1795.044 Loading class java/time/DurationEditor done

Classes unloaded (20 events):
Event: 1879.018 Thread 0x000001ea38240420 Unloading class 0x00000008014aabd8 'com/abel/ecommerce/entity/Kategori'
Event: 1879.018 Thread 0x000001ea38240420 Unloading class 0x00000008013f0618 'com/abel/ecommerce/repository/KategoriRepository'
Event: 1879.018 Thread 0x000001ea38240420 Unloading class 0x00000008014aa880 'com/abel/ecommerce/security/jjwt/AuthTokenFilter'
Event: 1879.018 Thread 0x000001ea38240420 Unloading class 0x00000008014aa658 'com/abel/ecommerce/service/ProdukService'
Event: 1879.018 Thread 0x000001ea38240420 Unloading class 0x00000008014aa420 'com/abel/ecommerce/service/PesananService'
Event: 1879.018 Thread 0x000001ea38240420 Unloading class 0x00000008014aa220 'com/abel/ecommerce/service/PesananLogService'
Event: 1879.018 Thread 0x000001ea38240420 Unloading class 0x00000008014aa000 'com/abel/ecommerce/service/PenggunaService'
Event: 1879.018 Thread 0x000001ea38240420 Unloading class 0x00000008014a9c40 'com/abel/ecommerce/service/KeranjangService'
Event: 1879.018 Thread 0x000001ea38240420 Unloading class 0x00000008014a9a20 'com/abel/ecommerce/service/KategoriService'
Event: 1879.018 Thread 0x000001ea38240420 Unloading class 0x00000008014a9800 'com/abel/ecommerce/security/WebSecurityConfig'
Event: 1879.018 Thread 0x000001ea38240420 Unloading class 0x0000000801328cb0 'com/abel/ecommerce/security/service/UserDetailsServiceImpl'
Event: 1879.018 Thread 0x000001ea38240420 Unloading class 0x0000000801328aa0 'com/abel/ecommerce/security/jjwt/JwtUtils'
Event: 1879.018 Thread 0x000001ea38240420 Unloading class 0x0000000801328890 'com/abel/ecommerce/security/jjwt/AuthEntryPointJwt'
Event: 1879.018 Thread 0x000001ea38240420 Unloading class 0x0000000801328670 'com/abel/ecommerce/controller/ProdukController'
Event: 1879.018 Thread 0x000001ea38240420 Unloading class 0x0000000801328438 'com/abel/ecommerce/controller/PesananController'
Event: 1879.018 Thread 0x000001ea38240420 Unloading class 0x0000000801328218 'com/abel/ecommerce/controller/PenggunaController'
Event: 1879.018 Thread 0x000001ea38240420 Unloading class 0x0000000801328000 'com/abel/ecommerce/controller/KeranjangController'
Event: 1879.018 Thread 0x000001ea38240420 Unloading class 0x00000008013f03f8 'com/abel/ecommerce/controller/KategoriController'
Event: 1879.018 Thread 0x000001ea38240420 Unloading class 0x00000008013f01f0 'com/abel/ecommerce/controller/AuthContoller'
Event: 1879.018 Thread 0x000001ea38240420 Unloading class 0x00000008013f0000 'com/abel/ecommerce/EcommerceApplication'

Classes redefined (0 events):
No events

Internal exceptions (20 events):
Event: 1792.127 Thread 0x000001ea3e85d3d0 Exception <a 'java/lang/NoSuchMethodError'{0x0000000723024cd8}: 'int java.lang.invoke.DelegatingMethodHandle$Holder.reinvoke_L(java.lang.Object, java.lang.Object, java.lang.Object, java.lang.Object)'> (0x0000000723024cd8) 
thrown [s\open\src\hotspot\share\interpreter\linkResolver.cpp, line 759]
Event: 1792.160 Thread 0x000001ea3e85d3d0 Exception <a 'sun/nio/fs/WindowsException'{0x00000007231c73e8}> (0x00000007231c73e8) 
thrown [s\open\src\hotspot\share\prims\jni.cpp, line 516]
Event: 1792.160 Thread 0x000001ea3e85d3d0 Exception <a 'sun/nio/fs/WindowsException'{0x00000007231c7a50}> (0x00000007231c7a50) 
thrown [s\open\src\hotspot\share\prims\jni.cpp, line 516]
Event: 1792.160 Thread 0x000001ea3e85d3d0 Exception <a 'sun/nio/fs/WindowsException'{0x00000007231c8128}> (0x00000007231c8128) 
thrown [s\open\src\hotspot\share\prims\jni.cpp, line 516]
Event: 1792.197 Thread 0x000001ea3e85d3d0 Exception <a 'java/io/FileNotFoundException'{0x00000007231fd0a8}> (0x00000007231fd0a8) 
thrown [s\open\src\hotspot\share\prims\jni.cpp, line 516]
Event: 1792.450 Thread 0x000001ea3e85d3d0 Exception <a 'java/lang/NoSuchMethodError'{0x0000000725280bc8}: 'void java.lang.invoke.DelegatingMethodHandle$Holder.reinvoke_L(java.lang.Object, java.lang.Object, long)'> (0x0000000725280bc8) 
thrown [s\open\src\hotspot\share\interpreter\linkResolver.cpp, line 759]
Event: 1793.831 Thread 0x000001ea3e85d3d0 Exception <a 'java/io/FileNotFoundException'{0x00000007236d74b8}> (0x00000007236d74b8) 
thrown [s\open\src\hotspot\share\prims\jni.cpp, line 516]
Event: 1878.969 Thread 0x000001ea3e85e240 Exception <a 'java/lang/InterruptedException'{0x0000000724760818}: sleep interrupted> (0x0000000724760818) 
thrown [s\open\src\hotspot\share\prims\jvm.cpp, line 3083]
Event: 1879.128 Thread 0x000001ea3e860d90 Exception <a 'sun/nio/fs/WindowsException'{0x0000000725491ed0}> (0x0000000725491ed0) 
thrown [s\open\src\hotspot\share\prims\jni.cpp, line 516]
Event: 1881.234 Thread 0x000001ea3e860d90 Exception <a 'java/lang/NoClassDefFoundError'{0x0000000723a19208}: org/flywaydb/core/Flyway> (0x0000000723a19208) 
thrown [s\open\src\hotspot\share\oops\constantPool.cpp, line 836]
Event: 1881.235 Thread 0x000001ea3e860d90 Exception <a 'java/lang/NoClassDefFoundError'{0x0000000723a19858}: liquibase/integration/spring/SpringLiquibase> (0x0000000723a19858) 
thrown [s\open\src\hotspot\share\oops\constantPool.cpp, line 836]
Event: 1881.248 Thread 0x000001ea3e860d90 Exception <a 'java/lang/NoClassDefFoundError'{0x0000000723a850b0}: org/jooq/DSLContext> (0x0000000723a850b0) 
thrown [s\open\src\hotspot\share\oops\constantPool.cpp, line 836]
Event: 1881.249 Thread 0x000001ea3e860d90 Exception <a 'java/lang/NoClassDefFoundError'{0x0000000723a97ee8}: org/springframework/batch/core/repository/JobRepository> (0x0000000723a97ee8) 
thrown [s\open\src\hotspot\share\oops\constantPool.cpp, line 836]
Event: 1881.249 Thread 0x000001ea3e860d90 Exception <a 'java/lang/NoClassDefFoundError'{0x0000000723a98530}: org/quartz/Scheduler> (0x0000000723a98530) 
thrown [s\open\src\hotspot\share\oops\constantPool.cpp, line 836]
Event: 1881.249 Thread 0x000001ea3e860d90 Exception <a 'java/lang/NoClassDefFoundError'{0x0000000723a98ba0}: org/springframework/session/jdbc/JdbcIndexedSessionRepository> (0x0000000723a98ba0) 
thrown [s\open\src\hotspot\share\oops\constantPool.cpp, line 836]
Event: 1881.469 Thread 0x000001ea3e860d90 Exception <a 'sun/nio/fs/WindowsException'{0x000000072550d658}> (0x000000072550d658) 
thrown [s\open\src\hotspot\share\prims\jni.cpp, line 516]
Event: 1881.470 Thread 0x000001ea3e860d90 Exception <a 'sun/nio/fs/WindowsException'{0x000000072550dcc0}> (0x000000072550dcc0) 
thrown [s\open\src\hotspot\share\prims\jni.cpp, line 516]
Event: 1881.470 Thread 0x000001ea3e860d90 Exception <a 'sun/nio/fs/WindowsException'{0x000000072550e398}> (0x000000072550e398) 
thrown [s\open\src\hotspot\share\prims\jni.cpp, line 516]
Event: 1881.502 Thread 0x000001ea3e860d90 Exception <a 'java/io/FileNotFoundException'{0x000000072553cf70}> (0x000000072553cf70) 
thrown [s\open\src\hotspot\share\prims\jni.cpp, line 516]
Event: 1882.568 Thread 0x000001ea3e860d90 Exception <a 'java/io/FileNotFoundException'{0x000000072524fa10}> (0x000000072524fa10) 
thrown [s\open\src\hotspot\share\prims\jni.cpp, line 516]

VM Operations (20 events):
Event: 1796.438 Executing VM operation: Cleanup
Event: 1796.439 Executing VM operation: Cleanup done
Event: 1878.961 Executing VM operation: ThreadDump
Event: 1878.961 Executing VM operation: ThreadDump done
Event: 1878.961 Executing VM operation: ThreadDump
Event: 1878.961 Executing VM operation: ThreadDump done
Event: 1878.984 Executing VM operation: G1CollectFull
Event: 1879.080 Executing VM operation: G1CollectFull done
Event: 1880.093 Executing VM operation: Cleanup
Event: 1880.159 Executing VM operation: Cleanup done
Event: 1881.173 Executing VM operation: Cleanup
Event: 1881.191 Executing VM operation: Cleanup done
Event: 1881.460 Executing VM operation: G1CollectForAllocation
Event: 1881.465 Executing VM operation: G1CollectForAllocation done
Event: 1882.469 Executing VM operation: Cleanup
Event: 1882.469 Executing VM operation: Cleanup done
Event: 1882.488 Executing VM operation: G1CollectForAllocation
Event: 1882.495 Executing VM operation: G1CollectForAllocation done
Event: 1882.850 Executing VM operation: G1CollectForAllocation
Event: 1882.856 Executing VM operation: G1CollectForAllocation done

Events (20 events):
Event: 1878.968 Thread 0x000001ea3e85f0b0 Thread exited: 0x000001ea3e85f0b0
Event: 1878.968 Thread 0x000001ea3e85ff20 Thread exited: 0x000001ea3e85ff20
Event: 1878.969 Thread 0x000001ea3e85e240 Thread exited: 0x000001ea3e85e240
Event: 1878.980 Thread 0x000001ea3e85c560 Thread added: 0x000001ea3e85c560
Event: 1878.981 Thread 0x000001ea3e85dd70 Thread exited: 0x000001ea3e85dd70
Event: 1878.983 Thread 0x000001ea3e85c560 Thread exited: 0x000001ea3e85c560
Event: 1879.081 Thread 0x000001ea3e85dd70 Thread added: 0x000001ea3e85dd70
Event: 1879.096 Thread 0x000001ea3e85dd70 Thread exited: 0x000001ea3e85dd70
Event: 1879.096 Thread 0x000001ea3e860d90 Thread added: 0x000001ea3e860d90
Event: 1879.098 Thread 0x000001ea3e862a70 Thread exited: 0x000001ea3e862a70
Event: 1879.099 Thread 0x000001ea3e8608c0 Thread exited: 0x000001ea3e8608c0
Event: 1879.828 Thread 0x000001ea3e861260 Thread added: 0x000001ea3e861260
Event: 1879.935 Thread 0x000001ea3e861260 Thread exited: 0x000001ea3e861260
Event: 1881.787 Thread 0x000001ea3e861260 Thread added: 0x000001ea3e861260
Event: 1881.893 Thread 0x000001ea3e861730 Thread added: 0x000001ea3e861730
Event: 1882.570 Thread 0x000001ea3e8625a0 Thread added: 0x000001ea3e8625a0
Event: 1882.570 Thread 0x000001ea3e85f0b0 Thread added: 0x000001ea3e85f0b0
Event: 1882.570 Thread 0x000001ea3e85dd70 Thread added: 0x000001ea3e85dd70
Event: 1882.826 Thread 0x000001ea3eefdad0 Thread added: 0x000001ea3eefdad0
Event: 1882.826 Thread 0x000001ea3f6cc010 Thread added: 0x000001ea3f6cc010


Dynamic libraries:
0x00007ff6b10a0000 - 0x00007ff6b10b0000 	C:\Program Files\Java\jdk-18.0.2.1\bin\java.exe
0x00007ffce1fd0000 - 0x00007ffce21e4000 	C:\WINDOWS\SYSTEM32\ntdll.dll
0x00007ffcbea50000 - 0x00007ffcbea69000 	C:\Program Files\Avast Software\Avast\aswhook.dll
0x00007ffce1370000 - 0x00007ffce1432000 	C:\WINDOWS\System32\KERNEL32.DLL
0x00007ffcdf6f0000 - 0x00007ffcdfa8c000 	C:\WINDOWS\System32\KERNELBASE.dll
0x00007ffcdf5d0000 - 0x00007ffcdf6e1000 	C:\WINDOWS\System32\ucrtbase.dll
0x00007ffcda480000 - 0x00007ffcda49a000 	C:\Program Files\Java\jdk-18.0.2.1\bin\VCRUNTIME140.dll
0x00007ffcdae40000 - 0x00007ffcdae58000 	C:\Program Files\Java\jdk-18.0.2.1\bin\jli.dll
0x00007ffce0f00000 - 0x00007ffce0fae000 	C:\WINDOWS\System32\ADVAPI32.dll
0x00007ffce1aa0000 - 0x00007ffce1b47000 	C:\WINDOWS\System32\msvcrt.dll
0x00007ffce1b50000 - 0x00007ffce1bf4000 	C:\WINDOWS\System32\sechost.dll
0x00007ffce1920000 - 0x00007ffce1a37000 	C:\WINDOWS\System32\RPCRT4.dll
0x00007ffce0870000 - 0x00007ffce0a1b000 	C:\WINDOWS\System32\USER32.dll
0x00007ffcdfb50000 - 0x00007ffcdfb76000 	C:\WINDOWS\System32\win32u.dll
0x00007ffce1550000 - 0x00007ffce1579000 	C:\WINDOWS\System32\GDI32.dll
0x00007ffcdf410000 - 0x00007ffcdf523000 	C:\WINDOWS\System32\gdi32full.dll
0x00007ffcdf530000 - 0x00007ffcdf5ca000 	C:\WINDOWS\System32\msvcp_win.dll
0x00007ffcd20f0000 - 0x00007ffcd237e000 	C:\WINDOWS\WinSxS\amd64_microsoft.windows.common-controls_6595b64144ccf1df_6.0.22621.608_none_a9444ca7c10bb01d\COMCTL32.dll
0x00007ffcd83a0000 - 0x00007ffcd83aa000 	C:\WINDOWS\SYSTEM32\VERSION.dll
0x00007ffce1640000 - 0x00007ffce1671000 	C:\WINDOWS\System32\IMM32.DLL
0x00007ffcda470000 - 0x00007ffcda47c000 	C:\Program Files\Java\jdk-18.0.2.1\bin\vcruntime140_1.dll
0x00007ffcce3c0000 - 0x00007ffcce44d000 	C:\Program Files\Java\jdk-18.0.2.1\bin\msvcp140.dll
0x00007ffc7ce90000 - 0x00007ffc7daa1000 	C:\Program Files\Java\jdk-18.0.2.1\bin\server\jvm.dll
0x00007ffce1440000 - 0x00007ffce1448000 	C:\WINDOWS\System32\PSAPI.DLL
0x00007ffcccd00000 - 0x00007ffcccd09000 	C:\WINDOWS\SYSTEM32\WSOCK32.dll
0x00007ffce07f0000 - 0x00007ffce0861000 	C:\WINDOWS\System32\WS2_32.dll
0x00007ffcd8360000 - 0x00007ffcd8394000 	C:\WINDOWS\SYSTEM32\WINMM.dll
0x00007ffcde460000 - 0x00007ffcde478000 	C:\WINDOWS\SYSTEM32\kernel.appcore.dll
0x00007ffcda460000 - 0x00007ffcda46a000 	C:\Program Files\Java\jdk-18.0.2.1\bin\jimage.dll
0x00007ffcdcd10000 - 0x00007ffcdcf3e000 	C:\WINDOWS\SYSTEM32\DBGHELP.DLL
0x00007ffce1c00000 - 0x00007ffce1f89000 	C:\WINDOWS\System32\combase.dll
0x00007ffce1680000 - 0x00007ffce1757000 	C:\WINDOWS\System32\OLEAUT32.dll
0x00007ffcd2cb0000 - 0x00007ffcd2ce2000 	C:\WINDOWS\SYSTEM32\dbgcore.DLL
0x00007ffcdfb80000 - 0x00007ffcdfbfb000 	C:\WINDOWS\System32\bcryptPrimitives.dll
0x00007ffccceb0000 - 0x00007ffccced5000 	C:\Program Files\Java\jdk-18.0.2.1\bin\java.dll
0x00007ffcccdd0000 - 0x00007ffcccea6000 	C:\Program Files\Java\jdk-18.0.2.1\bin\jsvml.dll
0x00007ffce0000000 - 0x00007ffce07f0000 	C:\WINDOWS\System32\SHELL32.dll
0x00007ffcdd420000 - 0x00007ffcddced000 	C:\WINDOWS\SYSTEM32\windows.storage.dll
0x00007ffcdd2e0000 - 0x00007ffcdd41e000 	C:\WINDOWS\SYSTEM32\wintypes.dll
0x00007ffce1450000 - 0x00007ffce1541000 	C:\WINDOWS\System32\SHCORE.dll
0x00007ffce1a40000 - 0x00007ffce1a9e000 	C:\WINDOWS\System32\shlwapi.dll
0x00007ffcdf340000 - 0x00007ffcdf361000 	C:\WINDOWS\SYSTEM32\profapi.dll
0x00007ffcda440000 - 0x00007ffcda453000 	C:\Program Files\Java\jdk-18.0.2.1\bin\net.dll
0x00007ffcd7f50000 - 0x00007ffcd8087000 	C:\WINDOWS\SYSTEM32\WINHTTP.dll
0x00007ffcde8d0000 - 0x00007ffcde939000 	C:\WINDOWS\system32\mswsock.dll
0x00007ffcce3a0000 - 0x00007ffcce3b6000 	C:\Program Files\Java\jdk-18.0.2.1\bin\nio.dll
0x00007ffcccdb0000 - 0x00007ffcccdc8000 	C:\Program Files\Java\jdk-18.0.2.1\bin\zip.dll
0x00007ffcceae0000 - 0x00007ffcceae9000 	C:\Program Files\Java\jdk-18.0.2.1\bin\management.dll
0x00007ffcce770000 - 0x00007ffcce77b000 	C:\Program Files\Java\jdk-18.0.2.1\bin\management_ext.dll
0x00007ffcd25b0000 - 0x00007ffcd25c0000 	C:\Program Files\Java\jdk-18.0.2.1\bin\verify.dll
0x00007ffcdeb30000 - 0x00007ffcdeb4b000 	C:\WINDOWS\SYSTEM32\CRYPTSP.dll
0x00007ffcde3d0000 - 0x00007ffcde405000 	C:\WINDOWS\system32\rsaenh.dll
0x00007ffcde9d0000 - 0x00007ffcde9f8000 	C:\WINDOWS\SYSTEM32\USERENV.dll
0x00007ffcdecf0000 - 0x00007ffcded18000 	C:\WINDOWS\SYSTEM32\bcrypt.dll
0x00007ffcdeb50000 - 0x00007ffcdeb5c000 	C:\WINDOWS\SYSTEM32\CRYPTBASE.dll
0x00007ffcddf40000 - 0x00007ffcddf6d000 	C:\WINDOWS\SYSTEM32\IPHLPAPI.DLL
0x00007ffce12b0000 - 0x00007ffce12b9000 	C:\WINDOWS\System32\NSI.dll
0x00007ffcd83b0000 - 0x00007ffcd83c9000 	C:\WINDOWS\SYSTEM32\dhcpcsvc6.DLL
0x00007ffcd6e40000 - 0x00007ffcd6e5f000 	C:\WINDOWS\SYSTEM32\dhcpcsvc.DLL
0x00007ffcddfb0000 - 0x00007ffcde0a3000 	C:\WINDOWS\SYSTEM32\DNSAPI.dll
0x00007ffcccda0000 - 0x00007ffcccdae000 	C:\Program Files\Java\jdk-18.0.2.1\bin\sunmscapi.dll
0x00007ffcdfc70000 - 0x00007ffcdfdd6000 	C:\WINDOWS\System32\CRYPT32.dll
0x00007ffcdecc0000 - 0x00007ffcdecee000 	C:\WINDOWS\SYSTEM32\ncrypt.dll
0x00007ffcdec80000 - 0x00007ffcdecb7000 	C:\WINDOWS\SYSTEM32\NTASN1.dll
0x00000000564b0000 - 0x00000000564d6000 	C:\Program Files\Bonjour\mdnsNSP.dll
0x00007ffccd840000 - 0x00007ffccd84a000 	C:\Windows\System32\rasadhlp.dll
0x00007ffcd6b50000 - 0x00007ffcd6bd3000 	C:\WINDOWS\System32\fwpuclnt.dll

dbghelp: loaded successfully - version: 4.0.5 - missing functions: none
symbol engine: initialized successfully - sym options: 0x614 - pdb path: .;C:\Program Files\Java\jdk-18.0.2.1\bin;C:\WINDOWS\SYSTEM32;C:\Program Files\Avast Software\Avast;C:\WINDOWS\WinSxS\amd64_microsoft.windows.common-controls_6595b64144ccf1df_6.0.22621.608_none_a9444ca7c10bb01d;C:\Program Files\Java\jdk-18.0.2.1\bin\server;C:\Program Files\Bonjour

VM Arguments:
jvm_args: -XX:TieredStopAtLevel=1 
java_command: com.abel.ecommerce.EcommerceApplication
java_class_path (initial): C:\Users\62823\Documents\project-belajar\ecommerce\target\classes;C:\Users\62823\.m2\repository\ch\qos\logback\logback-classic\1.4.7\logback-classic-1.4.7.jar;C:\Users\62823\.m2\repository\ch\qos\logback\logback-core\1.4.7\logback-core-1.4.7.jar;C:\Users\62823\.m2\repository\org\apache\logging\log4j\log4j-to-slf4j\2.19.0\log4j-to-slf4j-2.19.0.jar;C:\Users\62823\.m2\repository\org\apache\logging\log4j\log4j-api\2.19.0\log4j-api-2.19.0.jar;C:\Users\62823\.m2\repository\org\slf4j\jul-to-slf4j\2.0.7\jul-to-slf4j-2.0.7.jar;C:\Users\62823\.m2\repository\jakarta\annotation\jakarta.annotation-api\2.1.1\jakarta.annotation-api-2.1.1.jar;C:\Users\62823\.m2\repository\org\yaml\snakeyaml\1.33\snakeyaml-1.33.jar;C:\Users\62823\.m2\repository\com\fasterxml\jackson\datatype\jackson-datatype-jdk8\2.14.2\jackson-datatype-jdk8-2.14.2.jar;C:\Users\62823\.m2\repository\com\fasterxml\jackson\datatype\jackson-datatype-jsr310\2.14.2\jackson-datatype-jsr310-2.14.2.jar;C:\Users\62823\.m2\repository\com\fasterxml\jackson\module\jackson-module-parameter-names\2.14.2\jackson-module-parameter-names-2.14.2.jar;C:\Users\62823\.m2\repository\org\apache\tomcat\embed\tomcat-embed-core\10.1.8\tomcat-embed-core-10.1.8.jar;C:\Users\62823\.m2\repository\org\apache\tomcat\embed\tomcat-embed-el\10.1.8\tomcat-embed-el-10.1.8.jar;C:\Users\62823\.m2\repository\org\apache\tomcat\embed\tomcat-embed-websocket\10.1.8\tomcat-embed-websocket-10.1.8.jar;C:\Users\62823\.m2\repository\org\springframework\spring-web\6.0.8\spring-web-6.0.8.jar;C:\Users\62823\.m2\repository\org\springframework\spring-beans\6.0.8\spring-beans-6.0.8.jar;C:\Users\62823\.m2\repository\io\micrometer\micrometer-observation\1.10.6\micrometer-observation-1.10.6.jar;C:\Users\62823\.m2\repository\io\micrometer\micrometer-commons\1.10.6\micrometer-commons-1.10.6.jar;C:\Users\62823\.m2\repository\org\springframework\spring-webmvc\6.0.8\spring-webmvc-6.0.8.jar;C:\Users\62823\.m2\repository\org\springframework\spring-context\6.0.8\spring-context-6.0.8.jar;C:\Users\62823\.m2\repository\org\springframework\spring-expression\6.0.8\spring-expression-6.0.8.jar;C:\Users\62823\.m2\repository\org\springframework\boot\spring-boot-devtools\3.0.6\spring-boot-devtools-3.0.6.jar;C:\Users\62823\.m2\repository\org\springframework\boot\spring-boot\3.0.6\spring-boot-3.0.6.jar;C:\Users\62823\.m2\repository\org\springframework\boot\spring-boot-autoconfigure\3.0.6\spring-boot-autoconfigure-3.0.6.jar;C:\Users\62823\.m2\repository\org\postgresql\postgresql\42.5.4\postgresql-42.5.4.jar;C:\Users\62823\.m2\repository\org\checkerframework\checker-qual\3.5.0\checker-qual-3.5.0.jar;C:\Users\62823\.m2\repository\org\slf4j\slf4j-api\2.0.7\slf4j-api-2.0.7.jar;C:\Users\62823\.m2\repository\jakarta\xml\bind\jakarta.xml.bind-api\4.0.0\jakarta.xml.bind-api-4.0.0.jar;C:\Users\62823\.m2\repository\jakarta\activation\jakarta.activation-api\2.1.1\jakarta.activation-api-2.1.1.jar;C:\Users\62823\.m2\repository\net\bytebuddy\byte-buddy\1.12.23\byte-buddy-1.12.23.jar;C:\Users\62823\.m2\repository\org\springframework\spring-core\6.0.8\spring-core-6.0.8.jar;C:\Users\62823\.m2\repository\org\springframework\spring-jcl\6.0.8\spring-jcl-6.0.8.jar;C:\Users\62823\.m2\repository\io\jsonwebtoken\jjwt\0.9.1\jjwt-0.9.1.jar;C:\Users\62823\.m2\repository\com\fasterxml\jackson\core\jackson-databind\2.14.2\jackson-databind-2.14.2.jar;C:\Users\62823\.m2\repository\com\fasterxml\jackson\core\jackson-annotations\2.14.2\jackson-annotations-2.14.2.jar;C:\Users\62823\.m2\repository\com\fasterxml\jackson\core\jackson-core\2.14.2\jackson-core-2.14.2.jar;C:\Users\62823\.m2\repository\org\springframework\spring-aop\6.0.8\spring-aop-6.0.8.jar;C:\Users\62823\.m2\repository\org\springframework\security\spring-security-config\6.0.3\spring-security-config-6.0.3.jar;C:\Users\62823\.m2\repository\org\springframework\security\spring-security-core\6.0.3\spring-security-core-6.0.3.jar;C:\Users\62823\.m2\repository\org\springframework\security\spring-security-crypto\6.0.3\spring-security-crypto-6.0.3.jar;C:\Users\62823\.m2\repository\org\springframework\security\spring-security-web\6.0.3\spring-security-web-6.0.3.jar;C:\Users\62823\.m2\repository\javax\xml\bind\jaxb-api\2.3.1\jaxb-api-2.3.1.jar;C:\Users\62823\.m2\repository\javax\activation\javax.activation-api\1.2.0\javax.activation-api-1.2.0.jar;C:\Users\62823\.m2\repository\org\aspectj\aspectjweaver\1.9.19\aspectjweaver-1.9.19.jar;C:\Users\62823\.m2\repository\com\zaxxer\HikariCP\5.0.1\HikariCP-5.0.1.jar;C:\Users\62823\.m2\repository\org\springframework\spring-jdbc\6.0.8\spring-jdbc-6.0.8.jar;C:\Users\62823\.m2\repository\org\hibernate\orm\hibernate-core\6.1.7.Final\hibernate-core-6.1.7.Final.jar;C:\Users\62823\.m2\repository\jakarta\persistence\jakarta.persistence-api\3.1.0\jakarta.persistence-api-3.1.0.jar;C:\Users\62823\.m2\repository\jakarta\transaction\jakarta.transaction-api\2.0.1\jakarta.transaction-api-2.0.1.jar;C:\Users\62823\.m2\repository\org\jboss\logging\jboss-logging\3.5.0.Final\jboss-logging-3.5.0.Final.jar;C:\Users\62823\.m2\repository\org\hibernate\common\hibernate-commons-annotations\6.0.6.Final\hibernate-commons-annotations-6.0.6.Final.jar;C:\Users\62823\.m2\repository\org\jboss\jandex\2.4.2.Final\jandex-2.4.2.Final.jar;C:\Users\62823\.m2\repository\com\fasterxml\classmate\1.5.1\classmate-1.5.1.jar;C:\Users\62823\.m2\repository\org\glassfish\jaxb\jaxb-runtime\4.0.2\jaxb-runtime-4.0.2.jar;C:\Users\62823\.m2\repository\org\glassfish\jaxb\jaxb-core\4.0.2\jaxb-core-4.0.2.jar;C:\Users\62823\.m2\repository\org\eclipse\angus\angus-activation\2.0.0\angus-activation-2.0.0.jar;C:\Users\62823\.m2\repository\org\glassfish\jaxb\txw2\4.0.2\txw2-4.0.2.jar;C:\Users\62823\.m2\repository\com\sun\istack\istack-commons-runtime\4.1.1\istack-commons-runtime-4.1.1.jar;C:\Users\62823\.m2\repository\jakarta\inject\jakarta.inject-api\2.0.0\jakarta.inject-api-2.0.0.jar;C:\Users\62823\.m2\repository\org\antlr\antlr4-runtime\4.10.1\antlr4-runtime-4.10.1.jar;C:\Users\62823\.m2\repository\org\springframework\data\spring-data-jpa\3.0.5\spring-data-jpa-3.0.5.jar;C:\Users\62823\.m2\repository\org\springframework\data\spring-data-commons\3.0.5\spring-data-commons-3.0.5.jar;C:\Users\62823\.m2\repository\org\springframework\spring-orm\6.0.8\spring-orm-6.0.8.jar;C:\Users\62823\.m2\repository\org\springframework\spring-tx\6.0.8\spring-tx-6.0.8.jar;C:\Users\62823\.m2\repository\org\springframework\spring-aspects\6.0.8\spring-aspects-6.0.8.jar
Launcher Type: SUN_STANDARD

[Global flags]
     intx CICompilerCount                          = 3                                         {product} {ergonomic}
     uint ConcGCThreads                            = 1                                         {product} {ergonomic}
     uint G1ConcRefinementThreads                  = 4                                         {product} {ergonomic}
   size_t G1HeapRegionSize                         = 2097152                                   {product} {ergonomic}
    uintx GCDrainStackTargetSize                   = 64                                        {product} {ergonomic}
   size_t InitialHeapSize                          = 234881024                                 {product} {ergonomic}
   size_t MarkStackSize                            = 4194304                                   {product} {ergonomic}
   size_t MaxHeapSize                              = 3745513472                                {product} {ergonomic}
   size_t MaxNewSize                               = 2246049792                                {product} {ergonomic}
   size_t MinHeapDeltaBytes                        = 2097152                                   {product} {ergonomic}
   size_t MinHeapSize                              = 8388608                                   {product} {ergonomic}
    uintx NonProfiledCodeHeapSize                  = 0                                      {pd product} {ergonomic}
     bool ProfileInterpreter                       = false                                  {pd product} {command line}
    uintx ProfiledCodeHeapSize                     = 0                                      {pd product} {ergonomic}
   size_t SoftMaxHeapSize                          = 3745513472                             {manageable} {ergonomic}
     intx TieredStopAtLevel                        = 1                                         {product} {command line}
     bool UseCompressedClassPointers               = true                           {product lp64_product} {ergonomic}
     bool UseCompressedOops                        = true                           {product lp64_product} {ergonomic}
     bool UseG1GC                                  = true                                      {product} {ergonomic}
     bool UseLargePagesIndividualAllocation        = false                                  {pd product} {ergonomic}

Logging:
Log output configuration:
 #0: stdout all=warning uptime,level,tags foldmultilines=false
 #1: stderr all=off uptime,level,tags foldmultilines=false

Environment Variables:
JAVA_HOME=C:/Program Files/Java/jdk-18.0.2.1
PATH=C:\Users\62823\bin;C:\Program Files\Git\mingw64\bin;C:\Program Files\Git\usr\local\bin;C:\Program Files\Git\usr\bin;C:\Program Files\Git\usr\bin;C:\Program Files\Git\mingw64\bin;C:\Program Files\Git\usr\bin;C:\Users\62823\bin;C:\MinGW\bin;C:\Windows\system32;C:\Windows;C:\Windows\System32\Wbem;C:\Windows\System32\WindowsPowerShell\v1.0;C:\Windows\System32\OpenSSH;C:\Program Files\Git\cmd;C:\xampp\mysql\bin;C:\Program Files\Java\jdk-18.0.2.1\bin;C:\Users\62823\Desktop\belajar-nodejs;C:\Users\62823\AppData\Local\Microsoft\WindowsApps;C:\Users\62823\AppData\Local\Programs\Microsoft VS Code\bin;C:\Users\62823\AppData\Roaming\npm;C:\Program Files\JetBrains\IntelliJ IDEA 2022.2.1\bin;C:\Program Files\JetBrains\IntelliJ IDEA Community Edition 2022.2.2\bin;C:\adb;C:\WINDOWS\system32;C:\WINDOWS;C:\WINDOWS\System32\Wbem;C:\WINDOWS\System32\WindowsPowerShell\v1.0;C:\WINDOWS\System32\OpenSSH;C:\Program Files\MongoDB\Server\6.0\bin;C:\Program Files\apache-maven-3.8.6\bin;C:\Program Files\JetBrains\IntelliJ IDEA Community Edition 2022.2.2\bin;C:\Users\62823\Downloads\apache-maven-3.8.7\bin;C:\Program Files\JetBrains\IntelliJ IDEA Community Edition 2022.2.2\bin;C:\Program Files\nodejs;C:\Program Files\MySQL\MySQL Shell 8.0\bin;C:\Users\62823\AppData\Local\Microsoft\WindowsApps;C:\Users\62823\AppData\Local\Programs\Microsoft VS Code\bin;C:\Program Files\JetBrains\IntelliJ IDEA 2022.2.1\bin;C:\Program Files\JetBrains\IntelliJ IDEA Community Edition 2022.2.2\bin;C:\Users\62823\AppData\Roaming\npm;C:\Program Files\Git\usr\bin\vendor_perl;C:\Program Files\Git\usr\bin\core_perl
USERNAME=62823
SHELL=C:\Program Files\Git\usr\bin\bash.exe
DISPLAY=needs-to-be-defined
LANG=en_US.UTF-8
OS=Windows_NT
PROCESSOR_IDENTIFIER=AMD64 Family 23 Model 24 Stepping 1, AuthenticAMD



---------------  S Y S T E M  ---------------

OS:
 Windows 11 , 64 bit Build 22621 (10.0.22621.1485)
OS uptime: 0 days 0:47 hours

CPU: total 4 (initial active 4) (4 cores per cpu, 2 threads per core) family 23 model 24 stepping 1 microcode 0x0, cx8, cmov, fxsr, ht, mmx, 3dnowpref, sse, sse2, sse3, ssse3, sse4a, sse4.1, sse4.2, popcnt, lzcnt, tsc, tscinvbit, avx, avx2, aes, clmul, bmi1, bmi2, adx, sha, fma, vzeroupper, clflush, clflushopt

Memory: 4k page, system-wide physical 14285M (5169M free)
TotalPageFile size 24525M (AvailPageFile size 11963M)
current process WorkingSet (physical memory assigned to process): 223M, peak: 235M
current process commit charge ("private bytes"): 256M, peak: 338M

vm_info: Java HotSpot(TM) 64-Bit Server VM (18.0.2.1+1-1) for windows-amd64 JRE (18.0.2.1+1-1), built on Aug 16 2022 01:46:33 by "mach5one" with MS VC++ 16.8 / 16.9 (VS2019)

END.
